

Processing HomeController#index (for 10.52.200.94 at 2010-07-26 11:05:02) [GET]
Rendering home/index
Completed in 1ms (View: 1, DB: 0) | 200 OK [http://johlstei-linux/]


Processing PostsController#index (for 10.52.200.94 at 2010-07-26 11:05:05) [GET]
Rendering template within layouts/posts
Rendering posts/index
Completed in 36ms (View: 22, DB: 12) | 200 OK [http://johlstei-linux/posts]


Processing PostsController#new (for 10.52.200.94 at 2010-07-26 11:05:07) [GET]
Rendering template within layouts/posts
Rendering posts/new
Completed in 6ms (View: 5, DB: 0) | 200 OK [http://johlstei-linux/posts/new]


Processing PostsController#create (for 10.52.200.94 at 2010-07-26 11:05:13) [POST]
  Parameters: {"authenticity_token"=>"pJzi3ji7gViIay1kbyANr8fh0hb2iWKcu+K3f98xu7M=", "post"=>{"name"=>"gffhh", "title"=>"gh", "content"=>""}, "commit"=>"Create"}
Redirected to http://johlstei-linux:3000/posts/1
Completed in 14ms (DB: 6) | 302 Found [http://johlstei-linux/posts]


Processing PostsController#show (for 10.52.200.94 at 2010-07-26 11:05:13) [GET]
  Parameters: {"id"=>"1"}
Rendering template within layouts/posts
Rendering posts/show
Completed in 6ms (View: 1, DB: 5) | 200 OK [http://johlstei-linux/posts/1]


Processing HomeController#index (for 127.0.0.1 at 2010-07-27 12:54:21) [GET]
Rendering home/index
Completed in 2ms (View: 1, DB: 0) | 200 OK [http://www.example.com/]
